<?xml version="1.0" encoding="UTF-8"?>
<testng-results ignored="0" total="1" passed="1" failed="0" skipped="0">
  <reporter-output>
  </reporter-output>
  <suite started-at="2024-11-13T23:48:07 IST" name="Default suite" finished-at="2024-11-13T23:50:30 IST" duration-ms="143540">
    <groups>
    </groups>
    <test started-at="2024-11-13T23:48:07 IST" name="Default test" finished-at="2024-11-13T23:50:30 IST" duration-ms="143540">
      <class name="samplePackage.AttributeContains">
        <test-method signature="attributeContains()[pri:0, instance:samplePackage.AttributeContains@618425b5]" started-at="2024-11-13T23:48:07 IST" name="attributeContains" finished-at="2024-11-13T23:50:30 IST" duration-ms="143473" status="PASS">
          <reporter-output>
          </reporter-output>
        </test-method> <!-- attributeContains -->
      </class> <!-- samplePackage.AttributeContains -->
    </test> <!-- Default test -->
  </suite> <!-- Default suite -->
</testng-results>
