<?xml version="1.0" encoding="UTF-8"?>
<testng-results ignored="0" total="2" passed="2" failed="0" skipped="0">
  <reporter-output>
  </reporter-output>
  <suite started-at="2024-11-05T21:18:12 IST" name="Suite" finished-at="2024-11-05T21:18:36 IST" duration-ms="24497">
    <groups>
    </groups>
    <test started-at="2024-11-05T21:18:12 IST" name="Test" finished-at="2024-11-05T21:18:36 IST" duration-ms="24497">
      <class name="samplePackage.ElementTobeClickable">
        <test-method signature="elementTobeClickable()[pri:0, instance:samplePackage.ElementTobeClickable@543588e6]" started-at="2024-11-05T21:18:12 IST" name="elementTobeClickable" finished-at="2024-11-05T21:18:36 IST" duration-ms="24406" status="PASS">
          <reporter-output>
          </reporter-output>
        </test-method> <!-- elementTobeClickable -->
      </class> <!-- samplePackage.ElementTobeClickable -->
      <class name="samplePackage.AttributeContains">
        <test-method signature="attributeContains()[pri:0, instance:samplePackage.AttributeContains@37d4349f]" started-at="2024-11-05T21:18:12 IST" name="attributeContains" finished-at="2024-11-05T21:18:36 IST" duration-ms="23744" status="PASS">
          <reporter-output>
          </reporter-output>
        </test-method> <!-- attributeContains -->
      </class> <!-- samplePackage.AttributeContains -->
    </test> <!-- Test -->
  </suite> <!-- Suite -->
</testng-results>
